C51 COMPILER V9.01   MAIN                                                                  03/01/2016 20:25:54 PAGE 1   


C51 COMPILER V9.01, COMPILATION OF MODULE MAIN
OBJECT MODULE PLACED IN main.OBJ
COMPILER INVOKED BY: D:\单片机\C51\BIN\C51.EXE main.c OMF2 BROWSE DEBUG

line level    source

   1          /*
   2          **********************************************************************************************************
             -***
   3          * 日期；2016.1.9                              
   4          * 文件名：main.c
   5          * 描  述：入口主函数
   6          * 版本号：1.1.0
   7          * 备  注：通用性不足，编码过多，有待优化，算法复杂
   8          **********************************************************************************************************
             -***
   9          */
  10          
  11          #define _MAIN_C
  12          #include <reg52.h>
  13          #include <string.h>
  14          #include "calculdefine.h"
  15          #include "calculcode.h"
  16          #include "calculator.h"
  17          
  18          void main()
  19          {
  20   1      /*串口  
  21   1              TMOD=0x20;      
  22   1              SCON=0x50;//设定串口工作方式0101 0000
  23   1              PCON=0x00;              
  24   1              TL1=0xfd;
  25   1              TH1=0xfd;
  26   1              TR1=1;
  27   1      串*/
  28   1              off_shumaguan();
  29   1              LCD_Init();
  30   1              Write_Com(0x80); 
  31   1          while(1)
  32   1              {
  33   2                      matrixkeyscan();
  34   2              }
  35   1      
  36   1      }


MODULE INFORMATION:   STATIC OVERLAYABLE
   CODE SIZE        =     16    ----
   CONSTANT SIZE    =     59    ----
   XDATA SIZE       =   ----    ----
   PDATA SIZE       =   ----    ----
   DATA SIZE        =     34    ----
   IDATA SIZE       =   ----    ----
   BIT SIZE         =   ----    ----
   EDATA SIZE       =   ----    ----
   HDATA SIZE       =   ----    ----
   XDATA CONST SIZE =   ----    ----
   FAR CONST SIZE   =   ----    ----
END OF MODULE INFORMATION.


C51 COMPILATION COMPLETE.  0 WARNING(S),  0 ERROR(S)
